* using log directory ‘/Users/williamchoi-kim/Desktop/CBN2Path/CBN2Path.Rcheck’
* using R version 4.4.1 (2024-06-14)
* using platform: aarch64-apple-darwin20
* R was compiled by
    Apple clang version 14.0.0 (clang-1400.0.29.202)
    GNU Fortran (GCC) 12.2.0
* running under: macOS 15.5
* using session charset: UTF-8
* checking for file ‘CBN2Path/DESCRIPTION’ ... OK
* this is package ‘CBN2Path’ version ‘0.1.0’
* package encoding: UTF-8
* checking package namespace information ... OK
* checking package dependencies ... OK
* checking if this is a source package ... OK
* checking if there is a namespace ... OK
* checking for executable files ... OK
* checking for hidden files and directories ... OK
* checking for portable file names ... OK
* checking for sufficient/correct file permissions ... OK
* checking whether package ‘CBN2Path’ can be installed ... OK
* used C compiler: ‘Apple clang version 17.0.0 (clang-1700.0.13.5)’
* used SDK: ‘’
* checking installed package size ... OK
* checking package directory ... OK
* checking ‘build’ directory ... OK
* checking DESCRIPTION meta-information ... OK
* checking top-level files ... OK
* checking for left-over files ... OK
* checking index information ... OK
* checking package subdirectories ... OK
* checking code files for non-ASCII characters ... OK
* checking R files for syntax errors ... OK
* checking whether the package can be loaded ... OK
* checking whether the package can be loaded with stated dependencies ... OK
* checking whether the package can be unloaded cleanly ... OK
* checking whether the namespace can be loaded with stated dependencies ... OK
* checking whether the namespace can be unloaded cleanly ... OK
* checking dependencies in R code ... OK
* checking S3 generic/method consistency ... OK
* checking replacement functions ... OK
* checking foreign function calls ... OK
* checking R code for possible problems ... NOTE
generate_geom_node_point: no visible binding for global variable
  ‘nodes’
generate_geom_node_text: no visible binding for global variable ‘nodes’
generate_gg_text: no visible binding for global variable ‘x’
generate_gg_text: no visible binding for global variable ‘y’
generate_gg_text: no visible binding for global variable ‘label’
variable_cap_size: no visible binding for global variable ‘edges’
variable_cap_size: no visible binding for global variable ‘x’
variable_cap_size: no visible binding for global variable ‘y’
visualize_cbn_model: no visible binding for global variable ‘name’
visualize_fitness_landscape: no visible binding for global variable ‘x’
visualize_fitness_landscape: no visible binding for global variable ‘y’
visualize_fitness_landscape: no visible binding for global variable
  ‘name’
visualize_probabilities: no visible binding for global variable ‘name’
Undefined global functions or variables:
  edges label name nodes x y
* checking Rd files ... OK
* checking Rd metadata ... OK
* checking Rd cross-references ... OK
* checking for missing documentation entries ... OK
* checking for code/documentation mismatches ... OK
* checking Rd \usage sections ... OK
* checking Rd contents ... OK
* checking for unstated dependencies in examples ... OK
* checking line endings in shell scripts ... OK
* checking line endings in C/C++/Fortran sources/headers ... OK
* checking line endings in Makefiles ... OK
* checking compilation flags in Makevars ... OK
* checking for GNU extensions in Makefiles ... OK
* checking for portable use of $(BLAS_LIBS) and $(LAPACK_LIBS) ... OK
* checking use of PKG_*FLAGS in Makefiles ... OK
* checking compiled code ... OK
* checking installed files from ‘inst/doc’ ... OK
* checking files in ‘vignettes’ ... OK
* checking examples ... OK
* checking for unstated dependencies in ‘tests’ ... OK
* checking tests ... OK
  Running ‘testthat.R’
* checking for unstated dependencies in vignettes ... OK
* checking package vignettes ... OK
* checking re-building of vignette outputs ... OK
* checking PDF version of manual ... OK
* DONE
Status: 1 NOTE
