* installing *source* package ‘CBN2Path’ ...
** using staged installation
checking for gcc... clang -arch arm64
checking whether the C compiler works... yes
checking for C compiler default output file name... a.out
checking for suffix of executables... 
checking whether we are cross compiling... no
checking for suffix of object files... o
checking whether the compiler supports GNU C... yes
checking whether clang -arch arm64 accepts -g... yes
checking for clang -arch arm64 option to enable C11 features... none needed
checking for gsl-config... /opt/homebrew/bin/gsl-config
checking if GSL version >= 2.5... yes
configure: creating ./config.status
config.status: creating src/Makevars
** libs
using C compiler: ‘Apple clang version 17.0.0 (clang-1700.0.13.5)’
using SDK: ‘’
clang -arch arm64 -I"/Library/Frameworks/R.framework/Resources/include" -DNDEBUG -I/opt/homebrew/Cellar/gsl/2.8/include -I.  -I/opt/R/arm64/include    -fPIC  -falign-functions=64 -Wall -g -O2  -c CBN2Path.c -o CBN2Path.o
In file included from CBN2Path.c:3:
./ct-cbn.h:184:7: warning: unused variable 'j' [-Wunused-variable]
  184 |   int j;
      |       ^
./ct-cbn.h:799:7: warning: unused variable 'i' [-Wunused-variable]
  799 |   int i;
      |       ^
./ct-cbn.h:2717:17: warning: variable 'alpha_new' set but not used [-Wunused-but-set-variable]
 2717 |   double alpha, alpha_new;
      |                 ^
./ct-cbn.h:3299:7: warning: variable 'mut_next' set but not used [-Wunused-but-set-variable]
 3299 |   int mut_next, index_next;
      |       ^
CBN2Path.c:79:7: warning: unused variable 'verbose' [-Wunused-variable]
   79 |   int verbose = 0;
      |       ^~~~~~~
CBN2Path.c:84:7: warning: unused variable 'GPS' [-Wunused-variable]
   84 |   int GPS = 0;
      |       ^~~
CBN2Path.c:88:7: warning: unused variable 'c' [-Wunused-variable]
   88 |   int c = 0;
      |       ^
CBN2Path.c:285:7: warning: unused variable 'error_flag' [-Wunused-variable]
  285 |   int error_flag = 0;
      |       ^~~~~~~~~~
CBN2Path.c:286:7: warning: unused variable 'f_flag' [-Wunused-variable]
  286 |   int f_flag = 0;
      |       ^~~~~~
CBN2Path.c:287:7: warning: variable 'e_flag' set but not used [-Wunused-but-set-variable]
  287 |   int e_flag = 0;
      |       ^
CBN2Path.c:288:7: warning: unused variable 'gps_flag' [-Wunused-variable]
  288 |   int gps_flag = 0;
      |       ^~~~~~~~
CBN2Path.c:289:7: warning: unused variable 'l_flag' [-Wunused-variable]
  289 |   int l_flag = 0;
      |       ^~~~~~
CBN2Path.c:291:7: warning: unused variable 't_flag' [-Wunused-variable]
  291 |   int t_flag = 1;
      |       ^~~~~~
CBN2Path.c:296:10: warning: unused variable 'T' [-Wunused-variable]
  296 |   double T = REAL(temp)[0];
      |          ^
CBN2Path.c:297:7: warning: variable 'N_iter' set but not used [-Wunused-but-set-variable]
  297 |   int N_iter = 0;
      |       ^
CBN2Path.c:302:7: warning: unused variable 'c' [-Wunused-variable]
  302 |   int c = 0;
      |       ^
16 warnings generated.
clang -arch arm64 -I"/Library/Frameworks/R.framework/Resources/include" -DNDEBUG -I/opt/homebrew/Cellar/gsl/2.8/include -I.  -I/opt/R/arm64/include    -fPIC  -falign-functions=64 -Wall -g -O2  -c init.c -o init.o
clang -arch arm64 -I"/Library/Frameworks/R.framework/Resources/include" -DNDEBUG -I/opt/homebrew/Cellar/gsl/2.8/include -I.  -I/opt/R/arm64/include    -fPIC  -falign-functions=64 -Wall -g -O2  -c queue.c -o queue.o
clang -arch arm64 -dynamiclib -Wl,-headerpad_max_install_names -undefined dynamic_lookup -L/Library/Frameworks/R.framework/Resources/lib -L/opt/R/arm64/lib -o CBN2Path.so CBN2Path.o init.o queue.o -L/opt/homebrew/Cellar/gsl/2.8/lib -lgsl -lgslcblas -F/Library/Frameworks/R.framework/.. -framework R -Wl,-framework -Wl,CoreFoundation
installing to /Users/williamchoi-kim/Desktop/CBN2Path/CBN2Path.Rcheck/00LOCK-CBN2Path/00new/CBN2Path/libs
** R
** inst
** byte-compile and prepare package for lazy loading
** help
*** installing help indices
** building package indices
** installing vignettes
** testing if installed package can be loaded from temporary location
** checking absolute paths in shared objects and dynamic libraries
** testing if installed package can be loaded from final location
** testing if installed package keeps a record of temporary installation path
* DONE (CBN2Path)
